<?xml version="1.0" encoding="utf-8"?><testsuites name="pytest tests"><testsuite name="pytest" errors="0" failures="0" skipped="0" tests="31" time="14.136" timestamp="2026-02-18T14:22:14.664579+00:00" hostname="agent-env-ef8f7c4e-412c-46ea-9bec-70d11f5a0834"><testcase classname="backend.tests.test_scf_platform.TestAuthFlow" name="test_maker_login" time="0.321" /><testcase classname="backend.tests.test_scf_platform.TestAuthFlow" name="test_checker_login" time="0.114" /><testcase classname="backend.tests.test_scf_platform.TestAuthFlow" name="test_cp_login" time="0.196" /><testcase classname="backend.tests.test_scf_platform.TestAuthFlow" name="test_invalid_login" time="0.100" /><testcase classname="backend.tests.test_scf_platform.TestAuthFlow" name="test_otp_verification_maker" time="0.273" /><testcase classname="backend.tests.test_scf_platform.TestAuthFlow" name="test_otp_verification_checker" time="0.234" /><testcase classname="backend.tests.test_scf_platform.TestAuthFlow" name="test_otp_verification_cp" time="0.237" /><testcase classname="backend.tests.test_scf_platform.TestAuthFlow" name="test_invalid_otp" time="0.349" /><testcase classname="backend.tests.test_scf_platform.TestMakerInvoiceFlow" name="test_get_invoices" time="0.402" /><testcase classname="backend.tests.test_scf_platform.TestMakerInvoiceFlow" name="test_get_invoices_by_status" time="0.349" /><testcase classname="backend.tests.test_scf_platform.TestMakerInvoiceFlow" name="test_create_invoice" time="0.454" /><testcase classname="backend.tests.test_scf_platform.TestMakerInvoiceFlow" name="test_get_single_invoice" time="0.473" /><testcase classname="backend.tests.test_scf_platform.TestCheckerInvoiceFlow" name="test_checker_cannot_create_invoice" time="0.353" /><testcase classname="backend.tests.test_scf_platform.TestCheckerInvoiceFlow" name="test_get_invoices" time="0.438" /><testcase classname="backend.tests.test_scf_platform.TestCheckerInvoiceFlow" name="test_approve_invoice_l1" time="0.825" /><testcase classname="backend.tests.test_scf_platform.TestCheckerInvoiceFlow" name="test_reject_invoice" time="0.772" /><testcase classname="backend.tests.test_scf_platform.TestCPInvoiceFlow" name="test_cp_cannot_create_invoice" time="0.319" /><testcase classname="backend.tests.test_scf_platform.TestCPInvoiceFlow" name="test_get_invoices_filtered_for_cp" time="0.359" /><testcase classname="backend.tests.test_scf_platform.TestCPInvoiceFlow" name="test_cp_final_approve" time="2.450" /><testcase classname="backend.tests.test_scf_platform.TestCPInvoiceFlow" name="test_cp_reject" time="1.235" /><testcase classname="backend.tests.test_scf_platform.TestStatsAPI" name="test_maker_stats" time="0.373" /><testcase classname="backend.tests.test_scf_platform.TestStatsAPI" name="test_checker_stats" time="0.426" /><testcase classname="backend.tests.test_scf_platform.TestStatsAPI" name="test_cp_stats_filtered" time="0.352" /><testcase classname="backend.tests.test_scf_platform.TestChannelPartnersAPI" name="test_get_channel_partners" time="0.386" /><testcase classname="backend.tests.test_scf_platform.TestChannelPartnersAPI" name="test_get_channel_partner_by_id" time="0.341" /><testcase classname="backend.tests.test_scf_platform.TestChannelPartnersAPI" name="test_channel_partner_not_found" time="0.413" /><testcase classname="backend.tests.test_scf_platform.TestProgramsAPI" name="test_get_programs_maker" time="0.541" /><testcase classname="backend.tests.test_scf_platform.TestProgramsAPI" name="test_get_programs_cp_filtered" time="0.336" /><testcase classname="backend.tests.test_scf_platform.TestRepaymentAPI" name="test_get_repayment" time="0.341" /><testcase classname="backend.tests.test_scf_platform.TestUnauthorizedAccess" name="test_invoices_without_token" time="0.115" /><testcase classname="backend.tests.test_scf_platform.TestUnauthorizedAccess" name="test_stats_without_token" time="0.114" /></testsuite></testsuites>